<?xml version="1.0" encoding="UTF-8"?>
<coverage generated="1656467431060" clover="3.2.0">
  <project timestamp="1656467431060" name="All files">
    <metrics statements="89" coveredstatements="89" conditionals="46" coveredconditionals="46" methods="11" coveredmethods="11" elements="146" coveredelements="146" complexity="0" loc="89" ncloc="89" packages="1" files="2" classes="2"/>
    <file name="converters.ts" path="/home/lewis/devel/typescript-utility-functions/src/converters.ts">
      <metrics statements="58" coveredstatements="58" conditionals="24" coveredconditionals="24" methods="7" coveredmethods="7"/>
      <line num="1" count="1" type="stmt"/>
      <line num="2" count="1" type="stmt"/>
      <line num="3" count="6" type="cond" truecount="1" falsecount="0"/>
      <line num="4" count="6" type="cond" truecount="2" falsecount="0"/>
      <line num="5" count="4" type="stmt"/>
      <line num="6" count="4" type="stmt"/>
      <line num="7" count="2" type="cond" truecount="1" falsecount="0"/>
      <line num="8" count="2" type="stmt"/>
      <line num="9" count="2" type="stmt"/>
      <line num="10" count="1" type="stmt"/>
      <line num="11" count="5" type="cond" truecount="1" falsecount="0"/>
      <line num="12" count="5" type="cond" truecount="1" falsecount="0"/>
      <line num="13" count="2" type="stmt"/>
      <line num="14" count="2" type="stmt"/>
      <line num="15" count="3" type="cond" truecount="1" falsecount="0"/>
      <line num="16" count="3" type="stmt"/>
      <line num="17" count="3" type="stmt"/>
      <line num="18" count="1" type="stmt"/>
      <line num="19" count="6" type="cond" truecount="1" falsecount="0"/>
      <line num="20" count="6" type="cond" truecount="2" falsecount="0"/>
      <line num="21" count="4" type="stmt"/>
      <line num="22" count="4" type="stmt"/>
      <line num="23" count="2" type="cond" truecount="1" falsecount="0"/>
      <line num="24" count="2" type="stmt"/>
      <line num="25" count="2" type="stmt"/>
      <line num="26" count="1" type="stmt"/>
      <line num="27" count="5" type="cond" truecount="1" falsecount="0"/>
      <line num="28" count="5" type="cond" truecount="1" falsecount="0"/>
      <line num="29" count="3" type="stmt"/>
      <line num="30" count="3" type="stmt"/>
      <line num="31" count="2" type="cond" truecount="1" falsecount="0"/>
      <line num="32" count="2" type="stmt"/>
      <line num="33" count="2" type="stmt"/>
      <line num="34" count="1" type="stmt"/>
      <line num="35" count="6" type="cond" truecount="1" falsecount="0"/>
      <line num="36" count="6" type="cond" truecount="2" falsecount="0"/>
      <line num="37" count="4" type="stmt"/>
      <line num="38" count="4" type="stmt"/>
      <line num="39" count="2" type="cond" truecount="1" falsecount="0"/>
      <line num="40" count="2" type="stmt"/>
      <line num="41" count="2" type="stmt"/>
      <line num="42" count="2" type="stmt"/>
      <line num="43" count="1" type="stmt"/>
      <line num="44" count="6" type="cond" truecount="1" falsecount="0"/>
      <line num="45" count="6" type="cond" truecount="1" falsecount="0"/>
      <line num="46" count="3" type="stmt"/>
      <line num="47" count="3" type="stmt"/>
      <line num="48" count="3" type="stmt"/>
      <line num="49" count="3" type="stmt"/>
      <line num="50" count="3" type="stmt"/>
      <line num="51" count="1" type="stmt"/>
      <line num="52" count="6" type="cond" truecount="1" falsecount="0"/>
      <line num="53" count="6" type="cond" truecount="3" falsecount="0"/>
      <line num="54" count="3" type="stmt"/>
      <line num="55" count="3" type="stmt"/>
      <line num="56" count="3" type="stmt"/>
      <line num="57" count="3" type="stmt"/>
      <line num="58" count="3" type="stmt"/>
    </file>
    <file name="validators.ts" path="/home/lewis/devel/typescript-utility-functions/src/validators.ts">
      <metrics statements="31" coveredstatements="31" conditionals="22" coveredconditionals="22" methods="4" coveredmethods="4"/>
      <line num="1" count="16" type="cond" truecount="1" falsecount="0"/>
      <line num="2" count="16" type="cond" truecount="4" falsecount="0"/>
      <line num="3" count="9" type="stmt"/>
      <line num="4" count="9" type="stmt"/>
      <line num="5" count="7" type="cond" truecount="1" falsecount="0"/>
      <line num="6" count="7" type="stmt"/>
      <line num="7" count="7" type="stmt"/>
      <line num="8" count="1" type="stmt"/>
      <line num="9" count="36" type="cond" truecount="1" falsecount="0"/>
      <line num="10" count="36" type="cond" truecount="4" falsecount="0"/>
      <line num="11" count="24" type="stmt"/>
      <line num="12" count="24" type="stmt"/>
      <line num="13" count="12" type="cond" truecount="1" falsecount="0"/>
      <line num="14" count="12" type="stmt"/>
      <line num="15" count="12" type="stmt"/>
      <line num="16" count="1" type="stmt"/>
      <line num="17" count="21" type="cond" truecount="1" falsecount="0"/>
      <line num="18" count="21" type="cond" truecount="4" falsecount="0"/>
      <line num="19" count="11" type="stmt"/>
      <line num="20" count="11" type="stmt"/>
      <line num="21" count="10" type="cond" truecount="1" falsecount="0"/>
      <line num="22" count="10" type="stmt"/>
      <line num="23" count="10" type="stmt"/>
      <line num="24" count="1" type="stmt"/>
      <line num="25" count="12" type="cond" truecount="1" falsecount="0"/>
      <line num="26" count="12" type="cond" truecount="3" falsecount="0"/>
      <line num="27" count="6" type="stmt"/>
      <line num="28" count="6" type="stmt"/>
      <line num="29" count="6" type="stmt"/>
      <line num="30" count="6" type="stmt"/>
      <line num="31" count="6" type="stmt"/>
    </file>
  </project>
</coverage>
