{"/home/lewis/devel/typescript-utility-functions/src/converters.ts": {"path":"/home/lewis/devel/typescript-utility-functions/src/converters.ts","all":false,"statementMap":{"0":{"start":{"line":1,"column":0},"end":{"line":1,"column":88}},"1":{"start":{"line":2,"column":0},"end":{"line":2,"column":0}},"2":{"start":{"line":3,"column":0},"end":{"line":3,"column":87}},"3":{"start":{"line":4,"column":0},"end":{"line":4,"column":74}},"4":{"start":{"line":5,"column":0},"end":{"line":5,"column":80}},"5":{"start":{"line":6,"column":0},"end":{"line":6,"column":5}},"6":{"start":{"line":7,"column":0},"end":{"line":7,"column":0}},"7":{"start":{"line":8,"column":0},"end":{"line":8,"column":41}},"8":{"start":{"line":9,"column":0},"end":{"line":9,"column":1}},"9":{"start":{"line":10,"column":0},"end":{"line":10,"column":0}},"10":{"start":{"line":11,"column":0},"end":{"line":11,"column":69}},"11":{"start":{"line":12,"column":0},"end":{"line":12,"column":28}},"12":{"start":{"line":13,"column":0},"end":{"line":13,"column":75}},"13":{"start":{"line":14,"column":0},"end":{"line":14,"column":5}},"14":{"start":{"line":15,"column":0},"end":{"line":15,"column":0}},"15":{"start":{"line":16,"column":0},"end":{"line":16,"column":31}},"16":{"start":{"line":17,"column":0},"end":{"line":17,"column":1}},"17":{"start":{"line":18,"column":0},"end":{"line":18,"column":0}},"18":{"start":{"line":19,"column":0},"end":{"line":19,"column":77}},"19":{"start":{"line":20,"column":0},"end":{"line":20,"column":62}},"20":{"start":{"line":21,"column":0},"end":{"line":21,"column":67}},"21":{"start":{"line":22,"column":0},"end":{"line":22,"column":5}},"22":{"start":{"line":23,"column":0},"end":{"line":23,"column":0}},"23":{"start":{"line":24,"column":0},"end":{"line":24,"column":37}},"24":{"start":{"line":25,"column":0},"end":{"line":25,"column":1}},"25":{"start":{"line":26,"column":0},"end":{"line":26,"column":0}},"26":{"start":{"line":27,"column":0},"end":{"line":27,"column":66}},"27":{"start":{"line":28,"column":0},"end":{"line":28,"column":30}},"28":{"start":{"line":29,"column":0},"end":{"line":29,"column":72}},"29":{"start":{"line":30,"column":0},"end":{"line":30,"column":5}},"30":{"start":{"line":31,"column":0},"end":{"line":31,"column":0}},"31":{"start":{"line":32,"column":0},"end":{"line":32,"column":34}},"32":{"start":{"line":33,"column":0},"end":{"line":33,"column":1}},"33":{"start":{"line":34,"column":0},"end":{"line":34,"column":0}},"34":{"start":{"line":35,"column":0},"end":{"line":35,"column":71}},"35":{"start":{"line":36,"column":0},"end":{"line":36,"column":54}},"36":{"start":{"line":37,"column":0},"end":{"line":37,"column":73}},"37":{"start":{"line":38,"column":0},"end":{"line":38,"column":5}},"38":{"start":{"line":39,"column":0},"end":{"line":39,"column":0}},"39":{"start":{"line":40,"column":0},"end":{"line":40,"column":71}},"40":{"start":{"line":41,"column":0},"end":{"line":41,"column":43}},"41":{"start":{"line":42,"column":0},"end":{"line":42,"column":1}},"42":{"start":{"line":43,"column":0},"end":{"line":43,"column":0}},"43":{"start":{"line":44,"column":0},"end":{"line":44,"column":67}},"44":{"start":{"line":45,"column":0},"end":{"line":45,"column":30}},"45":{"start":{"line":46,"column":0},"end":{"line":46,"column":73}},"46":{"start":{"line":47,"column":0},"end":{"line":47,"column":5}},"47":{"start":{"line":48,"column":0},"end":{"line":48,"column":0}},"48":{"start":{"line":49,"column":0},"end":{"line":49,"column":38}},"49":{"start":{"line":50,"column":0},"end":{"line":50,"column":1}},"50":{"start":{"line":51,"column":0},"end":{"line":51,"column":0}},"51":{"start":{"line":52,"column":0},"end":{"line":52,"column":96}},"52":{"start":{"line":53,"column":0},"end":{"line":53,"column":89}},"53":{"start":{"line":54,"column":0},"end":{"line":54,"column":69}},"54":{"start":{"line":55,"column":0},"end":{"line":55,"column":5}},"55":{"start":{"line":56,"column":0},"end":{"line":56,"column":0}},"56":{"start":{"line":57,"column":0},"end":{"line":57,"column":58}},"57":{"start":{"line":58,"column":0},"end":{"line":58,"column":1}}},"s":{"0":1,"1":1,"2":6,"3":6,"4":4,"5":4,"6":2,"7":2,"8":2,"9":1,"10":5,"11":5,"12":2,"13":2,"14":3,"15":3,"16":3,"17":1,"18":6,"19":6,"20":4,"21":4,"22":2,"23":2,"24":2,"25":1,"26":5,"27":5,"28":3,"29":3,"30":2,"31":2,"32":2,"33":1,"34":6,"35":6,"36":4,"37":4,"38":2,"39":2,"40":2,"41":2,"42":1,"43":6,"44":6,"45":3,"46":3,"47":3,"48":3,"49":3,"50":1,"51":6,"52":6,"53":3,"54":3,"55":3,"56":3,"57":3},"branchMap":{"0":{"type":"branch","line":3,"loc":{"start":{"line":3,"column":0},"end":{"line":9,"column":1}},"locations":[{"start":{"line":3,"column":0},"end":{"line":9,"column":1}}]},"1":{"type":"branch","line":4,"loc":{"start":{"line":4,"column":37},"end":{"line":4,"column":71}},"locations":[{"start":{"line":4,"column":37},"end":{"line":4,"column":71}}]},"2":{"type":"branch","line":4,"loc":{"start":{"line":4,"column":73},"end":{"line":6,"column":5}},"locations":[{"start":{"line":4,"column":73},"end":{"line":6,"column":5}}]},"3":{"type":"branch","line":7,"loc":{"start":{"line":7,"column":-1},"end":{"line":9,"column":1}},"locations":[{"start":{"line":7,"column":-1},"end":{"line":9,"column":1}}]},"4":{"type":"branch","line":11,"loc":{"start":{"line":11,"column":0},"end":{"line":17,"column":1}},"locations":[{"start":{"line":11,"column":0},"end":{"line":17,"column":1}}]},"5":{"type":"branch","line":12,"loc":{"start":{"line":12,"column":27},"end":{"line":14,"column":5}},"locations":[{"start":{"line":12,"column":27},"end":{"line":14,"column":5}}]},"6":{"type":"branch","line":15,"loc":{"start":{"line":15,"column":-1},"end":{"line":17,"column":1}},"locations":[{"start":{"line":15,"column":-1},"end":{"line":17,"column":1}}]},"7":{"type":"branch","line":19,"loc":{"start":{"line":19,"column":0},"end":{"line":25,"column":1}},"locations":[{"start":{"line":19,"column":0},"end":{"line":25,"column":1}}]},"8":{"type":"branch","line":20,"loc":{"start":{"line":20,"column":31},"end":{"line":20,"column":59}},"locations":[{"start":{"line":20,"column":31},"end":{"line":20,"column":59}}]},"9":{"type":"branch","line":20,"loc":{"start":{"line":20,"column":61},"end":{"line":22,"column":5}},"locations":[{"start":{"line":20,"column":61},"end":{"line":22,"column":5}}]},"10":{"type":"branch","line":23,"loc":{"start":{"line":23,"column":-1},"end":{"line":25,"column":1}},"locations":[{"start":{"line":23,"column":-1},"end":{"line":25,"column":1}}]},"11":{"type":"branch","line":27,"loc":{"start":{"line":27,"column":0},"end":{"line":33,"column":1}},"locations":[{"start":{"line":27,"column":0},"end":{"line":33,"column":1}}]},"12":{"type":"branch","line":28,"loc":{"start":{"line":28,"column":29},"end":{"line":30,"column":5}},"locations":[{"start":{"line":28,"column":29},"end":{"line":30,"column":5}}]},"13":{"type":"branch","line":31,"loc":{"start":{"line":31,"column":-1},"end":{"line":33,"column":1}},"locations":[{"start":{"line":31,"column":-1},"end":{"line":33,"column":1}}]},"14":{"type":"branch","line":35,"loc":{"start":{"line":35,"column":0},"end":{"line":42,"column":1}},"locations":[{"start":{"line":35,"column":0},"end":{"line":42,"column":1}}]},"15":{"type":"branch","line":36,"loc":{"start":{"line":36,"column":27},"end":{"line":36,"column":51}},"locations":[{"start":{"line":36,"column":27},"end":{"line":36,"column":51}}]},"16":{"type":"branch","line":36,"loc":{"start":{"line":36,"column":53},"end":{"line":38,"column":5}},"locations":[{"start":{"line":36,"column":53},"end":{"line":38,"column":5}}]},"17":{"type":"branch","line":39,"loc":{"start":{"line":39,"column":-1},"end":{"line":42,"column":1}},"locations":[{"start":{"line":39,"column":-1},"end":{"line":42,"column":1}}]},"18":{"type":"branch","line":44,"loc":{"start":{"line":44,"column":0},"end":{"line":50,"column":1}},"locations":[{"start":{"line":44,"column":0},"end":{"line":50,"column":1}}]},"19":{"type":"branch","line":45,"loc":{"start":{"line":45,"column":29},"end":{"line":50,"column":1}},"locations":[{"start":{"line":45,"column":29},"end":{"line":50,"column":1}}]},"20":{"type":"branch","line":52,"loc":{"start":{"line":52,"column":0},"end":{"line":58,"column":1}},"locations":[{"start":{"line":52,"column":0},"end":{"line":58,"column":1}}]},"21":{"type":"branch","line":53,"loc":{"start":{"line":53,"column":31},"end":{"line":53,"column":58}},"locations":[{"start":{"line":53,"column":31},"end":{"line":53,"column":58}}]},"22":{"type":"branch","line":53,"loc":{"start":{"line":53,"column":58},"end":{"line":53,"column":86}},"locations":[{"start":{"line":53,"column":58},"end":{"line":53,"column":86}}]},"23":{"type":"branch","line":53,"loc":{"start":{"line":53,"column":88},"end":{"line":58,"column":1}},"locations":[{"start":{"line":53,"column":88},"end":{"line":58,"column":1}}]}},"b":{"0":[6],"1":[4],"2":[4],"3":[2],"4":[5],"5":[2],"6":[3],"7":[6],"8":[4],"9":[4],"10":[2],"11":[5],"12":[3],"13":[2],"14":[6],"15":[4],"16":[4],"17":[2],"18":[6],"19":[3],"20":[6],"21":[5],"22":[4],"23":[3]},"fnMap":{"0":{"name":"two_nibble_to_one_u8","decl":{"start":{"line":3,"column":0},"end":{"line":9,"column":1}},"loc":{"start":{"line":3,"column":0},"end":{"line":9,"column":1}},"line":3},"1":{"name":"one_u8_to_two_nibbles","decl":{"start":{"line":11,"column":0},"end":{"line":17,"column":1}},"loc":{"start":{"line":11,"column":0},"end":{"line":17,"column":1}},"line":11},"2":{"name":"two_u8_to_u16","decl":{"start":{"line":19,"column":0},"end":{"line":25,"column":1}},"loc":{"start":{"line":19,"column":0},"end":{"line":25,"column":1}},"line":19},"3":{"name":"one_u16_to_two_u8","decl":{"start":{"line":27,"column":0},"end":{"line":33,"column":1}},"loc":{"start":{"line":27,"column":0},"end":{"line":33,"column":1}},"line":27},"4":{"name":"two_u16_to_one_u32","decl":{"start":{"line":35,"column":0},"end":{"line":42,"column":1}},"loc":{"start":{"line":35,"column":0},"end":{"line":42,"column":1}},"line":35},"5":{"name":"one_u32_to_two_u16","decl":{"start":{"line":44,"column":0},"end":{"line":50,"column":1}},"loc":{"start":{"line":44,"column":0},"end":{"line":50,"column":1}},"line":44},"6":{"name":"three_u8_to_u32","decl":{"start":{"line":52,"column":0},"end":{"line":58,"column":1}},"loc":{"start":{"line":52,"column":0},"end":{"line":58,"column":1}},"line":52}},"f":{"0":6,"1":5,"2":6,"3":5,"4":6,"5":6,"6":6}}
,"/home/lewis/devel/typescript-utility-functions/src/validators.ts": {"path":"/home/lewis/devel/typescript-utility-functions/src/validators.ts","all":false,"statementMap":{"0":{"start":{"line":1,"column":0},"end":{"line":1,"column":62}},"1":{"start":{"line":2,"column":0},"end":{"line":2,"column":79}},"2":{"start":{"line":3,"column":0},"end":{"line":3,"column":20}},"3":{"start":{"line":4,"column":0},"end":{"line":4,"column":5}},"4":{"start":{"line":5,"column":0},"end":{"line":5,"column":0}},"5":{"start":{"line":6,"column":0},"end":{"line":6,"column":17}},"6":{"start":{"line":7,"column":0},"end":{"line":7,"column":1}},"7":{"start":{"line":8,"column":0},"end":{"line":8,"column":0}},"8":{"start":{"line":9,"column":0},"end":{"line":9,"column":58}},"9":{"start":{"line":10,"column":0},"end":{"line":10,"column":80}},"10":{"start":{"line":11,"column":0},"end":{"line":11,"column":20}},"11":{"start":{"line":12,"column":0},"end":{"line":12,"column":5}},"12":{"start":{"line":13,"column":0},"end":{"line":13,"column":0}},"13":{"start":{"line":14,"column":0},"end":{"line":14,"column":17}},"14":{"start":{"line":15,"column":0},"end":{"line":15,"column":1}},"15":{"start":{"line":16,"column":0},"end":{"line":16,"column":0}},"16":{"start":{"line":17,"column":0},"end":{"line":17,"column":59}},"17":{"start":{"line":18,"column":0},"end":{"line":18,"column":82}},"18":{"start":{"line":19,"column":0},"end":{"line":19,"column":20}},"19":{"start":{"line":20,"column":0},"end":{"line":20,"column":5}},"20":{"start":{"line":21,"column":0},"end":{"line":21,"column":0}},"21":{"start":{"line":22,"column":0},"end":{"line":22,"column":17}},"22":{"start":{"line":23,"column":0},"end":{"line":23,"column":1}},"23":{"start":{"line":24,"column":0},"end":{"line":24,"column":0}},"24":{"start":{"line":25,"column":0},"end":{"line":25,"column":59}},"25":{"start":{"line":26,"column":0},"end":{"line":26,"column":86}},"26":{"start":{"line":27,"column":0},"end":{"line":27,"column":20}},"27":{"start":{"line":28,"column":0},"end":{"line":28,"column":5}},"28":{"start":{"line":29,"column":0},"end":{"line":29,"column":0}},"29":{"start":{"line":30,"column":0},"end":{"line":30,"column":17}},"30":{"start":{"line":31,"column":0},"end":{"line":31,"column":1}}},"s":{"0":16,"1":16,"2":9,"3":9,"4":7,"5":7,"6":7,"7":1,"8":36,"9":36,"10":24,"11":24,"12":12,"13":12,"14":12,"15":1,"16":21,"17":21,"18":11,"19":11,"20":10,"21":10,"22":10,"23":1,"24":12,"25":12,"26":6,"27":6,"28":6,"29":6,"30":6},"branchMap":{"0":{"type":"branch","line":1,"loc":{"start":{"line":1,"column":0},"end":{"line":7,"column":1}},"locations":[{"start":{"line":1,"column":0},"end":{"line":7,"column":1}}]},"1":{"type":"branch","line":2,"loc":{"start":{"line":2,"column":36},"end":{"line":2,"column":57}},"locations":[{"start":{"line":2,"column":36},"end":{"line":2,"column":57}}]},"2":{"type":"branch","line":2,"loc":{"start":{"line":2,"column":57},"end":{"line":2,"column":76}},"locations":[{"start":{"line":2,"column":57},"end":{"line":2,"column":76}}]},"3":{"type":"branch","line":2,"loc":{"start":{"line":2,"column":78},"end":{"line":7,"column":1}},"locations":[{"start":{"line":2,"column":78},"end":{"line":7,"column":1}}]},"4":{"type":"branch","line":2,"loc":{"start":{"line":2,"column":78},"end":{"line":4,"column":5}},"locations":[{"start":{"line":2,"column":78},"end":{"line":4,"column":5}}]},"5":{"type":"branch","line":5,"loc":{"start":{"line":5,"column":-1},"end":{"line":7,"column":1}},"locations":[{"start":{"line":5,"column":-1},"end":{"line":7,"column":1}}]},"6":{"type":"branch","line":9,"loc":{"start":{"line":9,"column":0},"end":{"line":15,"column":1}},"locations":[{"start":{"line":9,"column":0},"end":{"line":15,"column":1}}]},"7":{"type":"branch","line":10,"loc":{"start":{"line":10,"column":36},"end":{"line":10,"column":58}},"locations":[{"start":{"line":10,"column":36},"end":{"line":10,"column":58}}]},"8":{"type":"branch","line":10,"loc":{"start":{"line":10,"column":58},"end":{"line":10,"column":77}},"locations":[{"start":{"line":10,"column":58},"end":{"line":10,"column":77}}]},"9":{"type":"branch","line":10,"loc":{"start":{"line":10,"column":79},"end":{"line":15,"column":1}},"locations":[{"start":{"line":10,"column":79},"end":{"line":15,"column":1}}]},"10":{"type":"branch","line":10,"loc":{"start":{"line":10,"column":79},"end":{"line":12,"column":5}},"locations":[{"start":{"line":10,"column":79},"end":{"line":12,"column":5}}]},"11":{"type":"branch","line":13,"loc":{"start":{"line":13,"column":-1},"end":{"line":15,"column":1}},"locations":[{"start":{"line":13,"column":-1},"end":{"line":15,"column":1}}]},"12":{"type":"branch","line":17,"loc":{"start":{"line":17,"column":0},"end":{"line":23,"column":1}},"locations":[{"start":{"line":17,"column":0},"end":{"line":23,"column":1}}]},"13":{"type":"branch","line":18,"loc":{"start":{"line":18,"column":36},"end":{"line":18,"column":60}},"locations":[{"start":{"line":18,"column":36},"end":{"line":18,"column":60}}]},"14":{"type":"branch","line":18,"loc":{"start":{"line":18,"column":60},"end":{"line":18,"column":79}},"locations":[{"start":{"line":18,"column":60},"end":{"line":18,"column":79}}]},"15":{"type":"branch","line":18,"loc":{"start":{"line":18,"column":81},"end":{"line":23,"column":1}},"locations":[{"start":{"line":18,"column":81},"end":{"line":23,"column":1}}]},"16":{"type":"branch","line":18,"loc":{"start":{"line":18,"column":81},"end":{"line":20,"column":5}},"locations":[{"start":{"line":18,"column":81},"end":{"line":20,"column":5}}]},"17":{"type":"branch","line":21,"loc":{"start":{"line":21,"column":-1},"end":{"line":23,"column":1}},"locations":[{"start":{"line":21,"column":-1},"end":{"line":23,"column":1}}]},"18":{"type":"branch","line":25,"loc":{"start":{"line":25,"column":0},"end":{"line":31,"column":1}},"locations":[{"start":{"line":25,"column":0},"end":{"line":31,"column":1}}]},"19":{"type":"branch","line":26,"loc":{"start":{"line":26,"column":36},"end":{"line":26,"column":64}},"locations":[{"start":{"line":26,"column":36},"end":{"line":26,"column":64}}]},"20":{"type":"branch","line":26,"loc":{"start":{"line":26,"column":64},"end":{"line":26,"column":83}},"locations":[{"start":{"line":26,"column":64},"end":{"line":26,"column":83}}]},"21":{"type":"branch","line":26,"loc":{"start":{"line":26,"column":85},"end":{"line":31,"column":1}},"locations":[{"start":{"line":26,"column":85},"end":{"line":31,"column":1}}]}},"b":{"0":[16],"1":[12],"2":[11],"3":[13],"4":[9],"5":[7],"6":[36],"7":[28],"8":[26],"9":[33],"10":[24],"11":[12],"12":[21],"13":[16],"14":[13],"15":[18],"16":[11],"17":[10],"18":[12],"19":[9],"20":[8],"21":[6]},"fnMap":{"0":{"name":"is_valid_nibble","decl":{"start":{"line":1,"column":0},"end":{"line":7,"column":1}},"loc":{"start":{"line":1,"column":0},"end":{"line":7,"column":1}},"line":1},"1":{"name":"is_valid_u8","decl":{"start":{"line":9,"column":0},"end":{"line":15,"column":1}},"loc":{"start":{"line":9,"column":0},"end":{"line":15,"column":1}},"line":9},"2":{"name":"is_valid_u16","decl":{"start":{"line":17,"column":0},"end":{"line":23,"column":1}},"loc":{"start":{"line":17,"column":0},"end":{"line":23,"column":1}},"line":17},"3":{"name":"is_valid_u32","decl":{"start":{"line":25,"column":0},"end":{"line":31,"column":1}},"loc":{"start":{"line":25,"column":0},"end":{"line":31,"column":1}},"line":25}},"f":{"0":16,"1":36,"2":21,"3":12}}
}
