TN:
SF:src/converters.ts
FN:3,two_nibble_to_one_u8
FN:11,one_u8_to_two_nibbles
FN:19,two_u8_to_one_u16
FN:27,one_u16_to_two_u8
FN:35,two_u16_to_one_u32
FN:44,one_u32_to_two_u16
FN:52,three_u8_to_u32
FNF:7
FNH:7
FNDA:6,two_nibble_to_one_u8
FNDA:5,one_u8_to_two_nibbles
FNDA:6,two_u8_to_one_u16
FNDA:5,one_u16_to_two_u8
FNDA:6,two_u16_to_one_u32
FNDA:6,one_u32_to_two_u16
FNDA:6,three_u8_to_u32
DA:1,1
DA:2,1
DA:3,6
DA:4,6
DA:5,4
DA:6,4
DA:7,2
DA:8,2
DA:9,2
DA:10,1
DA:11,5
DA:12,5
DA:13,2
DA:14,2
DA:15,3
DA:16,3
DA:17,3
DA:18,1
DA:19,6
DA:20,6
DA:21,4
DA:22,4
DA:23,2
DA:24,2
DA:25,2
DA:26,1
DA:27,5
DA:28,5
DA:29,3
DA:30,3
DA:31,2
DA:32,2
DA:33,2
DA:34,1
DA:35,6
DA:36,6
DA:37,4
DA:38,4
DA:39,2
DA:40,2
DA:41,2
DA:42,2
DA:43,1
DA:44,6
DA:45,6
DA:46,3
DA:47,3
DA:48,3
DA:49,3
DA:50,3
DA:51,1
DA:52,6
DA:53,6
DA:54,3
DA:55,3
DA:56,3
DA:57,3
DA:58,3
LF:58
LH:58
BRDA:3,0,0,6
BRDA:4,1,0,4
BRDA:4,2,0,4
BRDA:7,3,0,2
BRDA:11,4,0,5
BRDA:12,5,0,2
BRDA:15,6,0,3
BRDA:19,7,0,6
BRDA:20,8,0,4
BRDA:20,9,0,4
BRDA:23,10,0,2
BRDA:27,11,0,5
BRDA:28,12,0,3
BRDA:31,13,0,2
BRDA:35,14,0,6
BRDA:36,15,0,4
BRDA:36,16,0,4
BRDA:39,17,0,2
BRDA:44,18,0,6
BRDA:45,19,0,3
BRDA:52,20,0,6
BRDA:53,21,0,5
BRDA:53,22,0,4
BRDA:53,23,0,3
BRF:24
BRH:24
end_of_record
TN:
SF:src/index.ts
FNF:0
FNH:0
DA:1,1
DA:2,1
DA:3,1
DA:4,1
DA:5,1
DA:6,1
DA:7,1
DA:8,1
DA:9,1
DA:10,1
DA:11,1
DA:12,1
DA:13,1
DA:14,1
DA:15,1
DA:16,1
DA:17,1
LF:17
LH:17
BRF:0
BRH:0
end_of_record
TN:
SF:src/validators.ts
FN:15,is_valid_nibble
FN:37,is_valid_u8
FN:60,is_valid_u16
FN:84,is_valid_u32
FNF:4
FNH:4
FNDA:32,is_valid_nibble
FNDA:76,is_valid_u8
FNDA:42,is_valid_u16
FNDA:24,is_valid_u32
DA:1,1
DA:2,1
DA:3,1
DA:4,1
DA:5,1
DA:6,1
DA:7,1
DA:8,1
DA:9,1
DA:10,1
DA:11,1
DA:12,1
DA:13,1
DA:14,1
DA:15,32
DA:16,32
DA:17,18
DA:18,18
DA:19,14
DA:20,14
DA:21,14
DA:22,1
DA:23,1
DA:24,1
DA:25,1
DA:26,1
DA:27,1
DA:28,1
DA:29,1
DA:30,1
DA:31,1
DA:32,1
DA:33,1
DA:34,1
DA:35,1
DA:36,1
DA:37,76
DA:38,76
DA:39,50
DA:40,50
DA:41,26
DA:42,26
DA:43,26
DA:44,1
DA:45,1
DA:46,1
DA:47,1
DA:48,1
DA:49,1
DA:50,1
DA:51,1
DA:52,1
DA:53,1
DA:54,1
DA:55,1
DA:56,1
DA:57,1
DA:58,1
DA:59,1
DA:60,42
DA:61,42
DA:62,22
DA:63,22
DA:64,20
DA:65,20
DA:66,20
DA:67,1
DA:68,1
DA:69,1
DA:70,1
DA:71,1
DA:72,1
DA:73,1
DA:74,1
DA:75,1
DA:76,1
DA:77,1
DA:78,1
DA:79,1
DA:80,1
DA:81,1
DA:82,1
DA:83,1
DA:84,24
DA:85,24
DA:86,12
DA:87,12
DA:88,12
DA:89,12
DA:90,12
LF:90
LH:90
BRDA:15,0,0,32
BRDA:16,1,0,24
BRDA:16,2,0,22
BRDA:16,3,0,26
BRDA:16,4,0,18
BRDA:19,5,0,14
BRDA:37,6,0,76
BRDA:38,7,0,60
BRDA:38,8,0,55
BRDA:38,9,0,70
BRDA:38,10,0,50
BRDA:41,11,0,26
BRDA:60,12,0,42
BRDA:61,13,0,32
BRDA:61,14,0,26
BRDA:61,15,0,36
BRDA:61,16,0,22
BRDA:64,17,0,20
BRDA:84,18,0,24
BRDA:85,19,0,18
BRDA:85,20,0,16
BRDA:85,21,0,12
BRF:22
BRH:22
end_of_record
TN:
SF:src/convert_functions/index.ts
FNF:0
FNH:0
DA:1,1
DA:2,1
DA:3,1
DA:4,1
DA:5,1
DA:6,1
DA:7,1
DA:8,1
DA:9,1
DA:10,1
DA:11,1
DA:12,1
DA:13,1
DA:14,1
DA:15,1
DA:16,1
DA:17,1
DA:18,1
DA:19,1
DA:20,1
DA:21,1
DA:22,1
DA:23,1
DA:24,1
DA:25,1
LF:25
LH:25
BRF:0
BRH:0
end_of_record
TN:
SF:src/convert_functions/nibble.ts
FN:18,two_nibble_to_one_u8
FN:44,one_u8_to_two_nibbles
FNF:2
FNH:2
FNDA:6,two_nibble_to_one_u8
FNDA:5,one_u8_to_two_nibbles
DA:1,1
DA:2,1
DA:3,1
DA:4,1
DA:5,1
DA:6,1
DA:7,1
DA:8,1
DA:9,1
DA:10,1
DA:11,1
DA:12,1
DA:13,1
DA:14,1
DA:15,1
DA:16,1
DA:17,1
DA:18,6
DA:19,6
DA:20,4
DA:21,4
DA:22,2
DA:23,2
DA:24,2
DA:25,1
DA:26,1
DA:27,1
DA:28,1
DA:29,1
DA:30,1
DA:31,1
DA:32,1
DA:33,1
DA:34,1
DA:35,1
DA:36,1
DA:37,1
DA:38,1
DA:39,1
DA:40,1
DA:41,1
DA:42,1
DA:43,1
DA:44,5
DA:45,5
DA:46,2
DA:47,2
DA:48,3
DA:49,3
DA:50,3
LF:50
LH:50
BRDA:18,0,0,6
BRDA:19,1,0,4
BRDA:19,2,0,4
BRDA:22,3,0,2
BRDA:44,4,0,5
BRDA:45,5,0,2
BRDA:48,6,0,3
BRF:7
BRH:7
end_of_record
TN:
SF:src/convert_functions/u16.ts
FN:19,two_u16_to_one_u32
FN:43,one_u32_to_two_u16
FNF:2
FNH:2
FNDA:6,two_u16_to_one_u32
FNDA:6,one_u32_to_two_u16
DA:1,1
DA:2,1
DA:3,1
DA:4,1
DA:5,1
DA:6,1
DA:7,1
DA:8,1
DA:9,1
DA:10,1
DA:11,1
DA:12,1
DA:13,1
DA:14,1
DA:15,1
DA:16,1
DA:17,1
DA:18,1
DA:19,6
DA:20,6
DA:21,4
DA:22,4
DA:23,2
DA:24,2
DA:25,2
DA:26,2
DA:27,1
DA:28,1
DA:29,1
DA:30,1
DA:31,1
DA:32,1
DA:33,1
DA:34,1
DA:35,1
DA:36,1
DA:37,1
DA:38,1
DA:39,1
DA:40,1
DA:41,1
DA:42,1
DA:43,6
DA:44,6
DA:45,3
DA:46,3
DA:47,3
DA:48,3
DA:49,3
LF:49
LH:49
BRDA:19,0,0,6
BRDA:20,1,0,4
BRDA:20,2,0,4
BRDA:23,3,0,2
BRDA:43,4,0,6
BRDA:44,5,0,3
BRF:6
BRH:6
end_of_record
TN:
SF:src/convert_functions/u8.ts
FN:18,two_u8_to_one_u16
FN:45,three_u8_to_one_u32
FN:69,one_u16_to_two_u8
FNF:3
FNH:3
FNDA:6,two_u8_to_one_u16
FNDA:8,three_u8_to_one_u32
FNDA:5,one_u16_to_two_u8
DA:1,1
DA:2,1
DA:3,1
DA:4,1
DA:5,1
DA:6,1
DA:7,1
DA:8,1
DA:9,1
DA:10,1
DA:11,1
DA:12,1
DA:13,1
DA:14,1
DA:15,1
DA:16,1
DA:17,1
DA:18,6
DA:19,6
DA:20,4
DA:21,4
DA:22,2
DA:23,2
DA:24,2
DA:25,1
DA:26,1
DA:27,1
DA:28,1
DA:29,1
DA:30,1
DA:31,1
DA:32,1
DA:33,1
DA:34,1
DA:35,1
DA:36,1
DA:37,1
DA:38,1
DA:39,1
DA:40,1
DA:41,1
DA:42,1
DA:43,1
DA:44,1
DA:45,8
DA:46,8
DA:47,5
DA:48,5
DA:49,3
DA:50,3
DA:51,3
DA:52,1
DA:53,1
DA:54,1
DA:55,1
DA:56,1
DA:57,1
DA:58,1
DA:59,1
DA:60,1
DA:61,1
DA:62,1
DA:63,1
DA:64,1
DA:65,1
DA:66,1
DA:67,1
DA:68,1
DA:69,5
DA:70,5
DA:71,3
DA:72,3
DA:73,2
DA:74,2
DA:75,2
LF:75
LH:75
BRDA:18,0,0,6
BRDA:19,1,0,4
BRDA:19,2,0,4
BRDA:22,3,0,2
BRDA:45,4,0,8
BRDA:46,5,0,6
BRDA:46,6,0,5
BRDA:46,7,0,5
BRDA:49,8,0,3
BRDA:69,9,0,5
BRDA:70,10,0,3
BRDA:73,11,0,2
BRF:12
BRH:12
end_of_record
