TN:
SF:src/index.ts
FNF:0
FNH:0
DA:1,1
DA:2,1
DA:3,1
DA:4,1
DA:5,1
DA:6,1
DA:7,1
DA:8,1
DA:9,1
DA:10,1
DA:11,1
DA:12,1
DA:13,1
DA:14,1
DA:15,1
DA:16,1
DA:17,1
DA:18,1
DA:19,1
DA:20,1
LF:20
LH:20
BRF:0
BRH:0
end_of_record
TN:
SF:src/validators.ts
FN:15,is_valid_nibble
FN:37,is_valid_u8
FN:60,is_valid_u16
FN:84,is_valid_u32
FNF:4
FNH:4
FNDA:32,is_valid_nibble
FNDA:89,is_valid_u8
FNDA:35,is_valid_u16
FNDA:31,is_valid_u32
DA:1,1
DA:2,1
DA:3,1
DA:4,1
DA:5,1
DA:6,1
DA:7,1
DA:8,1
DA:9,1
DA:10,1
DA:11,1
DA:12,1
DA:13,1
DA:14,1
DA:15,32
DA:16,32
DA:17,21
DA:18,21
DA:19,11
DA:20,11
DA:21,11
DA:22,1
DA:23,1
DA:24,1
DA:25,1
DA:26,1
DA:27,1
DA:28,1
DA:29,1
DA:30,1
DA:31,1
DA:32,1
DA:33,1
DA:34,1
DA:35,1
DA:36,1
DA:37,89
DA:38,89
DA:39,63
DA:40,63
DA:41,26
DA:42,26
DA:43,26
DA:44,1
DA:45,1
DA:46,1
DA:47,1
DA:48,1
DA:49,1
DA:50,1
DA:51,1
DA:52,1
DA:53,1
DA:54,1
DA:55,1
DA:56,1
DA:57,1
DA:58,1
DA:59,1
DA:60,35
DA:61,35
DA:62,21
DA:63,21
DA:64,14
DA:65,14
DA:66,14
DA:67,1
DA:68,1
DA:69,1
DA:70,1
DA:71,1
DA:72,1
DA:73,1
DA:74,1
DA:75,1
DA:76,1
DA:77,1
DA:78,1
DA:79,1
DA:80,1
DA:81,1
DA:82,1
DA:83,1
DA:84,31
DA:85,31
DA:86,18
DA:87,18
DA:88,13
DA:89,13
DA:90,13
LF:90
LH:90
BRDA:15,0,0,32
BRDA:16,1,0,28
BRDA:16,2,0,25
BRDA:16,3,0,29
BRDA:16,4,0,21
BRDA:19,5,0,11
BRDA:37,6,0,89
BRDA:38,7,0,78
BRDA:38,8,0,72
BRDA:38,9,0,86
BRDA:38,10,0,63
BRDA:41,11,0,26
BRDA:60,12,0,35
BRDA:61,13,0,30
BRDA:61,14,0,24
BRDA:61,15,0,32
BRDA:61,16,0,21
BRDA:64,17,0,14
BRDA:84,18,0,31
BRDA:85,19,0,27
BRDA:85,20,0,23
BRDA:85,21,0,28
BRDA:85,22,0,18
BRDA:88,23,0,13
BRF:24
BRH:24
end_of_record
TN:
SF:src/bit_manipulation_functions/index.ts
FNF:0
FNH:0
DA:1,1
DA:2,1
DA:3,1
DA:4,1
DA:5,1
DA:6,1
DA:7,1
DA:8,1
DA:9,1
DA:10,1
DA:11,1
DA:12,1
DA:13,1
DA:14,1
DA:15,1
LF:15
LH:15
BRF:0
BRH:0
end_of_record
TN:
SF:src/bit_manipulation_functions/is_bit_set.ts
FN:18,DataType
FN:16,DataType.valid_handler
FN:47,validate
FN:59,is_bit_set
FN:82,nibble_bit_set
FN:108,u8_bit_set
FN:134,u16_bit_set
FN:160,u32_bit_set
FNF:8
FNH:8
FNDA:30,DataType
FNDA:1,DataType.valid_handler
FNDA:67,validate
FNDA:35,is_bit_set
FNDA:14,nibble_bit_set
FNDA:11,u8_bit_set
FNDA:10,u16_bit_set
FNDA:10,u32_bit_set
DA:1,1
DA:2,1
DA:3,1
DA:4,1
DA:5,1
DA:6,1
DA:7,1
DA:8,1
DA:9,1
DA:10,1
DA:11,1
DA:12,1
DA:13,1
DA:14,1
DA:15,1
DA:16,1
DA:17,1
DA:18,1
DA:19,30
DA:20,30
DA:21,10
DA:22,10
DA:23,10
DA:24,30
DA:25,30
DA:26,7
DA:27,7
DA:28,7
DA:29,30
DA:30,30
DA:31,6
DA:32,6
DA:33,6
DA:34,30
DA:35,30
DA:36,6
DA:37,6
DA:38,6
DA:39,30
DA:40,30
DA:41,1
DA:42,30
DA:43,29
DA:44,29
DA:45,29
DA:46,1
DA:47,1
DA:48,67
DA:49,130
DA:50,12
DA:51,12
DA:52,130
DA:53,55
DA:54,67
DA:55,67
DA:56,27
DA:57,27
DA:58,1
DA:59,1
DA:60,35
DA:61,12
DA:62,12
DA:63,19
DA:64,19
DA:65,19
DA:66,1
DA:67,1
DA:68,1
DA:69,1
DA:70,1
DA:71,1
DA:72,1
DA:73,1
DA:74,1
DA:75,1
DA:76,1
DA:77,1
DA:78,1
DA:79,1
DA:80,1
DA:81,1
DA:82,14
DA:83,14
DA:84,23
DA:85,5
DA:86,5
DA:87,23
DA:88,9
DA:89,9
DA:90,9
DA:91,1
DA:92,1
DA:93,1
DA:94,1
DA:95,1
DA:96,1
DA:97,1
DA:98,1
DA:99,1
DA:100,1
DA:101,1
DA:102,1
DA:103,1
DA:104,1
DA:105,1
DA:106,1
DA:107,1
DA:108,11
DA:109,11
DA:110,17
DA:111,5
DA:112,5
DA:113,17
DA:114,6
DA:115,6
DA:116,6
DA:117,1
DA:118,1
DA:119,1
DA:120,1
DA:121,1
DA:122,1
DA:123,1
DA:124,1
DA:125,1
DA:126,1
DA:127,1
DA:128,1
DA:129,1
DA:130,1
DA:131,1
DA:132,1
DA:133,1
DA:134,10
DA:135,10
DA:136,15
DA:137,5
DA:138,5
DA:139,15
DA:140,5
DA:141,5
DA:142,5
DA:143,1
DA:144,1
DA:145,1
DA:146,1
DA:147,1
DA:148,1
DA:149,1
DA:150,1
DA:151,1
DA:152,1
DA:153,1
DA:154,1
DA:155,1
DA:156,1
DA:157,1
DA:158,1
DA:159,1
DA:160,10
DA:161,10
DA:162,15
DA:163,5
DA:164,5
DA:165,15
DA:166,5
DA:167,5
DA:168,5
LF:168
LH:168
BRDA:18,0,0,30
BRDA:20,1,0,10
BRDA:25,2,0,7
BRDA:30,3,0,6
BRDA:35,4,0,6
BRDA:40,5,0,1
BRDA:43,6,0,29
BRDA:47,7,0,67
BRDA:48,8,0,130
BRDA:49,9,0,118
BRDA:49,10,0,12
BRDA:53,11,0,55
BRDA:54,12,0,15
BRDA:55,13,0,40
BRDA:55,14,0,32
BRDA:55,15,0,13
BRDA:56,16,0,27
BRDA:59,17,0,35
BRDA:60,18,0,12
BRDA:63,19,0,19
BRDA:82,20,0,14
BRDA:83,21,0,23
BRDA:84,22,0,18
BRDA:84,23,0,5
BRDA:88,24,0,9
BRDA:108,25,0,11
BRDA:109,26,0,17
BRDA:110,27,0,12
BRDA:110,28,0,5
BRDA:114,29,0,6
BRDA:134,30,0,10
BRDA:135,31,0,15
BRDA:136,32,0,10
BRDA:136,33,0,5
BRDA:140,34,0,5
BRDA:160,35,0,10
BRDA:161,36,0,15
BRDA:162,37,0,10
BRDA:162,38,0,5
BRDA:166,39,0,5
BRF:40
BRH:40
end_of_record
TN:
SF:src/convert_functions/index.ts
FNF:0
FNH:0
DA:1,1
DA:2,1
DA:3,1
DA:4,1
DA:5,1
DA:6,1
DA:7,1
DA:8,1
DA:9,1
DA:10,1
DA:11,1
DA:12,1
DA:13,1
DA:14,1
DA:15,1
DA:16,1
DA:17,1
DA:18,1
DA:19,1
DA:20,1
DA:21,1
DA:22,1
DA:23,1
DA:24,1
DA:25,1
DA:26,1
DA:27,1
DA:28,1
DA:29,1
DA:30,1
DA:31,1
DA:32,1
LF:32
LH:32
BRF:0
BRH:0
end_of_record
TN:
SF:src/convert_functions/nibble.ts
FN:18,two_nibble_to_one_u8
FN:44,one_u8_to_two_nibbles
FNF:2
FNH:2
FNDA:6,two_nibble_to_one_u8
FNDA:5,one_u8_to_two_nibbles
DA:1,1
DA:2,1
DA:3,1
DA:4,1
DA:5,1
DA:6,1
DA:7,1
DA:8,1
DA:9,1
DA:10,1
DA:11,1
DA:12,1
DA:13,1
DA:14,1
DA:15,1
DA:16,1
DA:17,1
DA:18,6
DA:19,6
DA:20,4
DA:21,4
DA:22,2
DA:23,2
DA:24,2
DA:25,1
DA:26,1
DA:27,1
DA:28,1
DA:29,1
DA:30,1
DA:31,1
DA:32,1
DA:33,1
DA:34,1
DA:35,1
DA:36,1
DA:37,1
DA:38,1
DA:39,1
DA:40,1
DA:41,1
DA:42,1
DA:43,1
DA:44,5
DA:45,5
DA:46,2
DA:47,2
DA:48,3
DA:49,3
DA:50,3
LF:50
LH:50
BRDA:18,0,0,6
BRDA:19,1,0,4
BRDA:19,2,0,4
BRDA:22,3,0,2
BRDA:44,4,0,5
BRDA:45,5,0,2
BRDA:48,6,0,3
BRF:7
BRH:7
end_of_record
TN:
SF:src/convert_functions/u16.ts
FN:17,one_u16_to_two_u8
FN:43,two_u16_to_one_u32
FNF:2
FNH:2
FNDA:5,one_u16_to_two_u8
FNDA:6,two_u16_to_one_u32
DA:1,1
DA:2,1
DA:3,1
DA:4,1
DA:5,1
DA:6,1
DA:7,1
DA:8,1
DA:9,1
DA:10,1
DA:11,1
DA:12,1
DA:13,1
DA:14,1
DA:15,1
DA:16,1
DA:17,5
DA:18,5
DA:19,3
DA:20,3
DA:21,2
DA:22,2
DA:23,2
DA:24,1
DA:25,1
DA:26,1
DA:27,1
DA:28,1
DA:29,1
DA:30,1
DA:31,1
DA:32,1
DA:33,1
DA:34,1
DA:35,1
DA:36,1
DA:37,1
DA:38,1
DA:39,1
DA:40,1
DA:41,1
DA:42,1
DA:43,6
DA:44,6
DA:45,4
DA:46,4
DA:47,2
DA:48,2
DA:49,2
DA:50,2
LF:50
LH:50
BRDA:17,0,0,5
BRDA:18,1,0,3
BRDA:21,2,0,2
BRDA:43,3,0,6
BRDA:44,4,0,4
BRDA:44,5,0,4
BRDA:47,6,0,2
BRF:7
BRH:7
end_of_record
TN:
SF:src/convert_functions/u32.ts
FN:16,one_u32_to_two_u16
FN:40,one_u32_to_four_u8
FNF:2
FNH:2
FNDA:6,one_u32_to_two_u16
FNDA:7,one_u32_to_four_u8
DA:1,1
DA:2,1
DA:3,1
DA:4,1
DA:5,1
DA:6,1
DA:7,1
DA:8,1
DA:9,1
DA:10,1
DA:11,1
DA:12,1
DA:13,1
DA:14,1
DA:15,1
DA:16,6
DA:17,6
DA:18,3
DA:19,3
DA:20,3
DA:21,3
DA:22,3
DA:23,1
DA:24,1
DA:25,1
DA:26,1
DA:27,1
DA:28,1
DA:29,1
DA:30,1
DA:31,1
DA:32,1
DA:33,1
DA:34,1
DA:35,1
DA:36,1
DA:37,1
DA:38,1
DA:39,1
DA:40,7
DA:41,7
DA:42,4
DA:43,4
DA:44,3
DA:45,3
DA:46,3
DA:47,3
DA:48,3
DA:49,3
DA:50,3
DA:51,3
DA:52,3
LF:52
LH:52
BRDA:16,0,0,6
BRDA:17,1,0,3
BRDA:40,2,0,7
BRDA:41,3,0,4
BRDA:44,4,0,3
BRF:5
BRH:5
end_of_record
TN:
SF:src/convert_functions/u8.ts
FN:18,two_u8_to_one_u16
FN:45,three_u8_to_one_u32
FN:72,four_u8_to_one_u32
FNF:3
FNH:3
FNDA:6,two_u8_to_one_u16
FNDA:11,three_u8_to_one_u32
FNDA:9,four_u8_to_one_u32
DA:1,1
DA:2,1
DA:3,1
DA:4,1
DA:5,1
DA:6,1
DA:7,1
DA:8,1
DA:9,1
DA:10,1
DA:11,1
DA:12,1
DA:13,1
DA:14,1
DA:15,1
DA:16,1
DA:17,1
DA:18,6
DA:19,6
DA:20,4
DA:21,4
DA:22,2
DA:23,2
DA:24,2
DA:25,1
DA:26,1
DA:27,1
DA:28,1
DA:29,1
DA:30,1
DA:31,1
DA:32,1
DA:33,1
DA:34,1
DA:35,1
DA:36,1
DA:37,1
DA:38,1
DA:39,1
DA:40,1
DA:41,1
DA:42,1
DA:43,1
DA:44,1
DA:45,11
DA:46,11
DA:47,8
DA:48,8
DA:49,3
DA:50,3
DA:51,3
DA:52,1
DA:53,1
DA:54,1
DA:55,1
DA:56,1
DA:57,1
DA:58,1
DA:59,1
DA:60,1
DA:61,1
DA:62,1
DA:63,1
DA:64,1
DA:65,1
DA:66,1
DA:67,1
DA:68,1
DA:69,1
DA:70,1
DA:71,1
DA:72,9
DA:73,9
DA:74,5
DA:75,5
DA:76,4
DA:77,4
DA:78,4
LF:78
LH:78
BRDA:18,0,0,6
BRDA:19,1,0,4
BRDA:19,2,0,4
BRDA:22,3,0,2
BRDA:45,4,0,11
BRDA:46,5,0,8
BRDA:46,6,0,6
BRDA:46,7,0,8
BRDA:49,8,0,3
BRDA:72,9,0,9
BRDA:73,10,0,8
BRDA:73,11,0,7
BRDA:73,12,0,6
BRDA:73,13,0,5
BRDA:76,14,0,4
BRF:15
BRH:15
end_of_record
